{"/home/kadir70/job-tracker-backend/controllers/authController.js": {"path":"/home/kadir70/job-tracker-backend/controllers/authController.js","statementMap":{"0":{"start":{"line":1,"column":13},"end":{"line":1,"column":43}},"1":{"start":{"line":2,"column":12},"end":{"line":2,"column":35}},"2":{"start":{"line":4,"column":22},"end":{"line":6,"column":1}},"3":{"start":{"line":5,"column":2},"end":{"line":5,"column":71}},"4":{"start":{"line":8,"column":0},"end":{"line":20,"column":2}},"5":{"start":{"line":9,"column":36},"end":{"line":9,"column":44}},"6":{"start":{"line":10,"column":2},"end":{"line":19,"column":3}},"7":{"start":{"line":11,"column":21},"end":{"line":11,"column":50}},"8":{"start":{"line":12,"column":4},"end":{"line":12,"column":81}},"9":{"start":{"line":12,"column":18},"end":{"line":12,"column":81}},"10":{"start":{"line":14,"column":17},"end":{"line":14,"column":61}},"11":{"start":{"line":15,"column":18},"end":{"line":15,"column":41}},"12":{"start":{"line":16,"column":4},"end":{"line":16,"column":42}},"13":{"start":{"line":18,"column":4},"end":{"line":18,"column":49}},"14":{"start":{"line":22,"column":0},"end":{"line":34,"column":2}},"15":{"start":{"line":23,"column":30},"end":{"line":23,"column":38}},"16":{"start":{"line":24,"column":2},"end":{"line":33,"column":3}},"17":{"start":{"line":25,"column":17},"end":{"line":25,"column":46}},"18":{"start":{"line":26,"column":4},"end":{"line":27,"column":68}},"19":{"start":{"line":27,"column":6},"end":{"line":27,"column":68}},"20":{"start":{"line":29,"column":18},"end":{"line":29,"column":41}},"21":{"start":{"line":30,"column":4},"end":{"line":30,"column":42}},"22":{"start":{"line":32,"column":4},"end":{"line":32,"column":49}}},"fnMap":{"0":{"name":"(anonymous_0)","decl":{"start":{"line":4,"column":22},"end":{"line":4,"column":23}},"loc":{"start":{"line":4,"column":30},"end":{"line":6,"column":1}},"line":4},"1":{"name":"(anonymous_1)","decl":{"start":{"line":8,"column":19},"end":{"line":8,"column":20}},"loc":{"start":{"line":8,"column":39},"end":{"line":20,"column":1}},"line":8},"2":{"name":"(anonymous_2)","decl":{"start":{"line":22,"column":16},"end":{"line":22,"column":17}},"loc":{"start":{"line":22,"column":36},"end":{"line":34,"column":1}},"line":22}},"branchMap":{"0":{"loc":{"start":{"line":12,"column":4},"end":{"line":12,"column":81}},"type":"if","locations":[{"start":{"line":12,"column":4},"end":{"line":12,"column":81}},{"start":{},"end":{}}],"line":12},"1":{"loc":{"start":{"line":26,"column":4},"end":{"line":27,"column":68}},"type":"if","locations":[{"start":{"line":26,"column":4},"end":{"line":27,"column":68}},{"start":{},"end":{}}],"line":26},"2":{"loc":{"start":{"line":26,"column":8},"end":{"line":26,"column":54}},"type":"binary-expr","locations":[{"start":{"line":26,"column":8},"end":{"line":26,"column":13}},{"start":{"line":26,"column":17},"end":{"line":26,"column":54}}],"line":26}},"s":{"0":1,"1":1,"2":1,"3":2,"4":1,"5":1,"6":1,"7":1,"8":1,"9":0,"10":1,"11":1,"12":1,"13":0,"14":1,"15":2,"16":2,"17":2,"18":2,"19":1,"20":1,"21":1,"22":0},"f":{"0":2,"1":1,"2":2},"b":{"0":[0,1],"1":[1,1],"2":[2,1]},"_coverageSchema":"1a1c01bbd47fc00a2c39e90264f33305004495a9","hash":"8263c9f6fbdd17d5db6b9f906facdd2a55cb28ab"}
,"/home/kadir70/job-tracker-backend/controllers/jobController.js": {"path":"/home/kadir70/job-tracker-backend/controllers/jobController.js","statementMap":{"0":{"start":{"line":1,"column":12},"end":{"line":1,"column":41}},"1":{"start":{"line":3,"column":0},"end":{"line":10,"column":2}},"2":{"start":{"line":4,"column":2},"end":{"line":9,"column":3}},"3":{"start":{"line":5,"column":16},"end":{"line":5,"column":69}},"4":{"start":{"line":6,"column":4},"end":{"line":6,"column":30}},"5":{"start":{"line":8,"column":4},"end":{"line":8,"column":51}},"6":{"start":{"line":12,"column":0},"end":{"line":19,"column":2}},"7":{"start":{"line":13,"column":2},"end":{"line":18,"column":3}},"8":{"start":{"line":14,"column":17},"end":{"line":14,"column":55}},"9":{"start":{"line":15,"column":4},"end":{"line":15,"column":31}},"10":{"start":{"line":17,"column":4},"end":{"line":17,"column":51}},"11":{"start":{"line":21,"column":0},"end":{"line":28,"column":2}},"12":{"start":{"line":22,"column":2},"end":{"line":27,"column":3}},"13":{"start":{"line":23,"column":16},"end":{"line":23,"column":83}},"14":{"start":{"line":24,"column":4},"end":{"line":24,"column":30}},"15":{"start":{"line":26,"column":4},"end":{"line":26,"column":51}},"16":{"start":{"line":30,"column":0},"end":{"line":37,"column":2}},"17":{"start":{"line":31,"column":2},"end":{"line":36,"column":3}},"18":{"start":{"line":32,"column":4},"end":{"line":32,"column":47}},"19":{"start":{"line":33,"column":4},"end":{"line":33,"column":27}},"20":{"start":{"line":35,"column":4},"end":{"line":35,"column":51}}},"fnMap":{"0":{"name":"(anonymous_0)","decl":{"start":{"line":3,"column":20},"end":{"line":3,"column":21}},"loc":{"start":{"line":3,"column":40},"end":{"line":10,"column":1}},"line":3},"1":{"name":"(anonymous_1)","decl":{"start":{"line":12,"column":18},"end":{"line":12,"column":19}},"loc":{"start":{"line":12,"column":38},"end":{"line":19,"column":1}},"line":12},"2":{"name":"(anonymous_2)","decl":{"start":{"line":21,"column":20},"end":{"line":21,"column":21}},"loc":{"start":{"line":21,"column":40},"end":{"line":28,"column":1}},"line":21},"3":{"name":"(anonymous_3)","decl":{"start":{"line":30,"column":20},"end":{"line":30,"column":21}},"loc":{"start":{"line":30,"column":40},"end":{"line":37,"column":1}},"line":30}},"branchMap":{},"s":{"0":1,"1":1,"2":1,"3":1,"4":1,"5":0,"6":1,"7":1,"8":1,"9":1,"10":0,"11":1,"12":1,"13":1,"14":1,"15":0,"16":1,"17":1,"18":1,"19":1,"20":0},"f":{"0":1,"1":1,"2":1,"3":1},"b":{},"_coverageSchema":"1a1c01bbd47fc00a2c39e90264f33305004495a9","hash":"2d368b1422064d4896889af519727d1db704ac0e"}
,"/home/kadir70/job-tracker-backend/models/jobModel.js": {"path":"/home/kadir70/job-tracker-backend/models/jobModel.js","statementMap":{"0":{"start":{"line":1,"column":17},"end":{"line":1,"column":36}},"1":{"start":{"line":3,"column":18},"end":{"line":20,"column":24}},"2":{"start":{"line":22,"column":0},"end":{"line":22,"column":50}}},"fnMap":{},"branchMap":{},"s":{"0":1,"1":1,"2":1},"f":{},"b":{},"_coverageSchema":"1a1c01bbd47fc00a2c39e90264f33305004495a9","hash":"dc4c8c82bd24d1bb7b66551e5749535edb50d248"}
,"/home/kadir70/job-tracker-backend/models/userModel.js": {"path":"/home/kadir70/job-tracker-backend/models/userModel.js","statementMap":{"0":{"start":{"line":1,"column":17},"end":{"line":1,"column":36}},"1":{"start":{"line":2,"column":15},"end":{"line":2,"column":34}},"2":{"start":{"line":4,"column":19},"end":{"line":8,"column":24}},"3":{"start":{"line":10,"column":0},"end":{"line":14,"column":3}},"4":{"start":{"line":11,"column":2},"end":{"line":11,"column":50}},"5":{"start":{"line":11,"column":36},"end":{"line":11,"column":50}},"6":{"start":{"line":12,"column":2},"end":{"line":12,"column":55}},"7":{"start":{"line":13,"column":2},"end":{"line":13,"column":9}},"8":{"start":{"line":16,"column":0},"end":{"line":18,"column":2}},"9":{"start":{"line":17,"column":2},"end":{"line":17,"column":62}},"10":{"start":{"line":20,"column":0},"end":{"line":20,"column":52}}},"fnMap":{"0":{"name":"(anonymous_0)","decl":{"start":{"line":10,"column":23},"end":{"line":10,"column":24}},"loc":{"start":{"line":10,"column":45},"end":{"line":14,"column":1}},"line":10},"1":{"name":"(anonymous_1)","decl":{"start":{"line":16,"column":35},"end":{"line":16,"column":36}},"loc":{"start":{"line":16,"column":68},"end":{"line":18,"column":1}},"line":16}},"branchMap":{"0":{"loc":{"start":{"line":11,"column":2},"end":{"line":11,"column":50}},"type":"if","locations":[{"start":{"line":11,"column":2},"end":{"line":11,"column":50}},{"start":{},"end":{}}],"line":11}},"s":{"0":1,"1":1,"2":1,"3":1,"4":0,"5":0,"6":0,"7":0,"8":1,"9":0,"10":1},"f":{"0":0,"1":0},"b":{"0":[0,0]},"_coverageSchema":"1a1c01bbd47fc00a2c39e90264f33305004495a9","hash":"dba373e8a30a721541457d10c7d784a35cd9a43f"}
}
