TN:
SF:controllers/authController.js
FN:4,(anonymous_0)
FN:8,(anonymous_1)
FN:22,(anonymous_2)
FNF:3
FNH:3
FNDA:2,(anonymous_0)
FNDA:1,(anonymous_1)
FNDA:2,(anonymous_2)
DA:1,1
DA:2,1
DA:4,1
DA:5,2
DA:8,1
DA:9,1
DA:10,1
DA:11,1
DA:12,1
DA:14,1
DA:15,1
DA:16,1
DA:18,0
DA:22,1
DA:23,2
DA:24,2
DA:25,2
DA:26,2
DA:27,1
DA:29,1
DA:30,1
DA:32,0
LF:22
LH:20
BRDA:12,0,0,0
BRDA:12,0,1,1
BRDA:26,1,0,1
BRDA:26,1,1,1
BRDA:26,2,0,2
BRDA:26,2,1,1
BRF:6
BRH:5
end_of_record
TN:
SF:controllers/jobController.js
FN:3,(anonymous_0)
FN:12,(anonymous_1)
FN:21,(anonymous_2)
FN:30,(anonymous_3)
FNF:4
FNH:4
FNDA:1,(anonymous_0)
FNDA:1,(anonymous_1)
FNDA:1,(anonymous_2)
FNDA:1,(anonymous_3)
DA:1,1
DA:3,1
DA:4,1
DA:5,1
DA:6,1
DA:8,0
DA:12,1
DA:13,1
DA:14,1
DA:15,1
DA:17,0
DA:21,1
DA:22,1
DA:23,1
DA:24,1
DA:26,0
DA:30,1
DA:31,1
DA:32,1
DA:33,1
DA:35,0
LF:21
LH:17
BRF:0
BRH:0
end_of_record
TN:
SF:models/jobModel.js
FNF:0
FNH:0
DA:1,1
DA:3,1
DA:22,1
LF:3
LH:3
BRF:0
BRH:0
end_of_record
TN:
SF:models/userModel.js
FN:10,(anonymous_0)
FN:16,(anonymous_1)
FNF:2
FNH:0
FNDA:0,(anonymous_0)
FNDA:0,(anonymous_1)
DA:1,1
DA:2,1
DA:4,1
DA:10,1
DA:11,0
DA:12,0
DA:13,0
DA:16,1
DA:17,0
DA:20,1
LF:10
LH:6
BRDA:11,0,0,0
BRDA:11,0,1,0
BRF:2
BRH:0
end_of_record
